19-10-2018 22:11:06:299 phase1 [INFO] : List of users: [user0, user1, user2, user3, user4]
19-10-2018 22:11:06:312 phase1 [INFO] : List of operations:
[AddOperation [recipe=[ftyqqryp, Content--ftyqqryp, user0], timestamp=user0:   0], AddOperation [recipe=[vgrxismv, Content--vgrxismv, user2], timestamp=user2:   0], AddOperation [recipe=[mrtsccko, Content--mrtsccko, user1], timestamp=user1:   0], AddOperation [recipe=[mtxhcsxk, Content--mtxhcsxk, user4], timestamp=user4:   0], AddOperation [recipe=[igutjmas, Content--igutjmas, user2], timestamp=user2:   1], AddOperation [recipe=[enwxuoaq, Content--enwxuoaq, user2], timestamp=user2:   2], AddOperation [recipe=[naenayif, Content--naenayif, user3], timestamp=user3:   0], AddOperation [recipe=[paqhlrar, Content--paqhlrar, user3], timestamp=user3:   1], AddOperation [recipe=[guimxcvn, Content--guimxcvn, user4], timestamp=user4:   1], AddOperation [recipe=[brqcmawf, Content--brqcmawf, user3], timestamp=user3:   2], AddOperation [recipe=[wvfvcioe, Content--wvfvcioe, user0], timestamp=user0:   1], AddOperation [recipe=[jdpmsrot, Content--jdpmsrot, user4], timestamp=user4:   2], AddOperation [recipe=[bycjuiap, Content--bycjuiap, user2], timestamp=user2:   3], AddOperation [recipe=[prrrbyyq, Content--prrrbyyq, user4], timestamp=user4:   3], AddOperation [recipe=[ayxlnxfj, Content--ayxlnxfj, user0], timestamp=user0:   2], AddOperation [recipe=[fbybqmkf, Content--fbybqmkf, user1], timestamp=user1:   1], AddOperation [recipe=[clibbrbl, Content--clibbrbl, user2], timestamp=user2:   4], AddOperation [recipe=[qycxccpi, Content--qycxccpi, user1], timestamp=user1:   2], AddOperation [recipe=[jeqkicvn, Content--jeqkicvn, user0], timestamp=user0:   3], AddOperation [recipe=[gsktxxsh, Content--gsktxxsh, user1], timestamp=user1:   3], AddOperation [recipe=[nhmswiev, Content--nhmswiev, user4], timestamp=user4:   4], AddOperation [recipe=[gjtvehkq, Content--gjtvehkq, user0], timestamp=user0:   4], AddOperation [recipe=[rlretsfx, Content--rlretsfx, user2], timestamp=user2:   5], AddOperation [recipe=[hnsfjsrm, Content--hnsfjsrm, user0], timestamp=user0:   5], AddOperation [recipe=[dtuaotah, Content--dtuaotah, user4], timestamp=user4:   5], AddOperation [recipe=[vqkrfrdd, Content--vqkrfrdd, user2], timestamp=user2:   6], AddOperation [recipe=[hlvdoryn, Content--hlvdoryn, user1], timestamp=user1:   4], AddOperation [recipe=[srhvddam, Content--srhvddam, user2], timestamp=user2:   7], AddOperation [recipe=[jfyqttss, Content--jfyqttss, user4], timestamp=user4:   6], AddOperation [recipe=[tustxmqr, Content--tustxmqr, user0], timestamp=user0:   6], AddOperation [recipe=[vribeukc, Content--vribeukc, user3], timestamp=user3:   3], AddOperation [recipe=[xakmtotn, Content--xakmtotn, user4], timestamp=user4:   7], AddOperation [recipe=[skotncrs, Content--skotncrs, user2], timestamp=user2:   8], AddOperation [recipe=[tluqowex, Content--tluqowex, user2], timestamp=user2:   9], AddOperation [recipe=[lupjjovh, Content--lupjjovh, user3], timestamp=user3:   4], AddOperation [recipe=[qbmyxmeo, Content--qbmyxmeo, user3], timestamp=user3:   5], AddOperation [recipe=[ooqduvgv, Content--ooqduvgv, user4], timestamp=user4:   8], AddOperation [recipe=[hauelsfc, Content--hauelsfc, user1], timestamp=user1:   5], AddOperation [recipe=[jvuacyfw, Content--jvuacyfw, user3], timestamp=user3:   6], AddOperation [recipe=[kpetxjqi, Content--kpetxjqi, user1], timestamp=user1:   6], AddOperation [recipe=[fdfyucma, Content--fdfyucma, user2], timestamp=user2:   10], AddOperation [recipe=[lvckthrq, Content--lvckthrq, user4], timestamp=user4:   9], AddOperation [recipe=[booxoevo, Content--booxoevo, user3], timestamp=user3:   7], AddOperation [recipe=[pytljyec, Content--pytljyec, user4], timestamp=user4:   10], AddOperation [recipe=[cefxgrfy, Content--cefxgrfy, user3], timestamp=user3:   8], AddOperation [recipe=[nikvppdg, Content--nikvppdg, user3], timestamp=user3:   9], AddOperation [recipe=[phmfgbsu, Content--phmfgbsu, user3], timestamp=user3:   10], AddOperation [recipe=[fewjqkrh, Content--fewjqkrh, user3], timestamp=user3:   11], AddOperation [recipe=[yjcaeuhb, Content--yjcaeuhb, user1], timestamp=user1:   7], AddOperation [recipe=[roppuwew, Content--roppuwew, user4], timestamp=user4:   11]]
19-10-2018 22:11:06:313 phase1 [TRACE] : Inserting into Log the operation: AddOperation [recipe=[ftyqqryp, Content--ftyqqryp, user0], timestamp=user0:   0]
19-10-2018 22:11:06:314 phase1 [TRACE] : Inserting into Log the operation: AddOperation [recipe=[ftyqqryp, Content--ftyqqryp, user0], timestamp=user0:   0]
19-10-2018 22:11:06:314 phase1 [TRACE] : Log updated:

19-10-2018 22:11:06:315 phase1 [TRACE] : Updating the TimestampVectorInserting with the timestamp: user0:   0
19-10-2018 22:11:06:315 phase1 [TRACE] : Summary updated:
user1:   -1000
user2:   -1000
user0:   -1000
user3:   -1000
user4:   -1000

19-10-2018 22:11:06:315 phase1 [TRACE] : Inserting into Log the operation: AddOperation [recipe=[vgrxismv, Content--vgrxismv, user2], timestamp=user2:   0]
19-10-2018 22:11:06:316 phase1 [TRACE] : Inserting into Log the operation: AddOperation [recipe=[vgrxismv, Content--vgrxismv, user2], timestamp=user2:   0]
19-10-2018 22:11:06:316 phase1 [TRACE] : Log updated:

19-10-2018 22:11:06:316 phase1 [TRACE] : Updating the TimestampVectorInserting with the timestamp: user2:   0
19-10-2018 22:11:06:317 phase1 [TRACE] : Summary updated:
user1:   -1000
user2:   -1000
user0:   -1000
user3:   -1000
user4:   -1000

19-10-2018 22:11:06:317 phase1 [TRACE] : Inserting into Log the operation: AddOperation [recipe=[mrtsccko, Content--mrtsccko, user1], timestamp=user1:   0]
19-10-2018 22:11:06:318 phase1 [TRACE] : Inserting into Log the operation: AddOperation [recipe=[mrtsccko, Content--mrtsccko, user1], timestamp=user1:   0]
19-10-2018 22:11:06:318 phase1 [TRACE] : Log updated:

19-10-2018 22:11:06:318 phase1 [TRACE] : Updating the TimestampVectorInserting with the timestamp: user1:   0
19-10-2018 22:11:06:319 phase1 [TRACE] : Summary updated:
user1:   -1000
user2:   -1000
user0:   -1000
user3:   -1000
user4:   -1000

19-10-2018 22:11:06:319 phase1 [TRACE] : Inserting into Log the operation: AddOperation [recipe=[mtxhcsxk, Content--mtxhcsxk, user4], timestamp=user4:   0]
19-10-2018 22:11:06:319 phase1 [TRACE] : Inserting into Log the operation: AddOperation [recipe=[mtxhcsxk, Content--mtxhcsxk, user4], timestamp=user4:   0]
19-10-2018 22:11:06:320 phase1 [TRACE] : Log updated:

19-10-2018 22:11:06:320 phase1 [TRACE] : Updating the TimestampVectorInserting with the timestamp: user4:   0
19-10-2018 22:11:06:321 phase1 [TRACE] : Summary updated:
user1:   -1000
user2:   -1000
user0:   -1000
user3:   -1000
user4:   -1000

19-10-2018 22:11:06:321 phase1 [TRACE] : Inserting into Log the operation: AddOperation [recipe=[igutjmas, Content--igutjmas, user2], timestamp=user2:   1]
19-10-2018 22:11:06:321 phase1 [TRACE] : Inserting into Log the operation: AddOperation [recipe=[igutjmas, Content--igutjmas, user2], timestamp=user2:   1]
19-10-2018 22:11:06:322 phase1 [TRACE] : Log updated:

19-10-2018 22:11:06:322 phase1 [TRACE] : Updating the TimestampVectorInserting with the timestamp: user2:   1
19-10-2018 22:11:06:322 phase1 [TRACE] : Summary updated:
user1:   -1000
user2:   -1000
user0:   -1000
user3:   -1000
user4:   -1000

19-10-2018 22:11:06:323 phase1 [TRACE] : Inserting into Log the operation: AddOperation [recipe=[enwxuoaq, Content--enwxuoaq, user2], timestamp=user2:   2]
19-10-2018 22:11:06:323 phase1 [TRACE] : Inserting into Log the operation: AddOperation [recipe=[enwxuoaq, Content--enwxuoaq, user2], timestamp=user2:   2]
19-10-2018 22:11:06:324 phase1 [TRACE] : Log updated:

19-10-2018 22:11:06:324 phase1 [TRACE] : Updating the TimestampVectorInserting with the timestamp: user2:   2
19-10-2018 22:11:06:324 phase1 [TRACE] : Summary updated:
user1:   -1000
user2:   -1000
user0:   -1000
user3:   -1000
user4:   -1000

19-10-2018 22:11:06:324 phase1 [TRACE] : Inserting into Log the operation: AddOperation [recipe=[naenayif, Content--naenayif, user3], timestamp=user3:   0]
19-10-2018 22:11:06:325 phase1 [TRACE] : Inserting into Log the operation: AddOperation [recipe=[naenayif, Content--naenayif, user3], timestamp=user3:   0]
19-10-2018 22:11:06:325 phase1 [TRACE] : Log updated:

19-10-2018 22:11:06:325 phase1 [TRACE] : Updating the TimestampVectorInserting with the timestamp: user3:   0
19-10-2018 22:11:06:326 phase1 [TRACE] : Summary updated:
user1:   -1000
user2:   -1000
user0:   -1000
user3:   -1000
user4:   -1000

19-10-2018 22:11:06:326 phase1 [TRACE] : Inserting into Log the operation: AddOperation [recipe=[paqhlrar, Content--paqhlrar, user3], timestamp=user3:   1]
19-10-2018 22:11:06:327 phase1 [TRACE] : Inserting into Log the operation: AddOperation [recipe=[paqhlrar, Content--paqhlrar, user3], timestamp=user3:   1]
19-10-2018 22:11:06:327 phase1 [TRACE] : Log updated:

19-10-2018 22:11:06:327 phase1 [TRACE] : Updating the TimestampVectorInserting with the timestamp: user3:   1
19-10-2018 22:11:06:328 phase1 [TRACE] : Summary updated:
user1:   -1000
user2:   -1000
user0:   -1000
user3:   -1000
user4:   -1000

19-10-2018 22:11:06:328 phase1 [TRACE] : Inserting into Log the operation: AddOperation [recipe=[guimxcvn, Content--guimxcvn, user4], timestamp=user4:   1]
19-10-2018 22:11:06:328 phase1 [TRACE] : Inserting into Log the operation: AddOperation [recipe=[guimxcvn, Content--guimxcvn, user4], timestamp=user4:   1]
19-10-2018 22:11:06:329 phase1 [TRACE] : Log updated:

19-10-2018 22:11:06:329 phase1 [TRACE] : Updating the TimestampVectorInserting with the timestamp: user4:   1
19-10-2018 22:11:06:330 phase1 [TRACE] : Summary updated:
user1:   -1000
user2:   -1000
user0:   -1000
user3:   -1000
user4:   -1000

19-10-2018 22:11:06:330 phase1 [TRACE] : Inserting into Log the operation: AddOperation [recipe=[brqcmawf, Content--brqcmawf, user3], timestamp=user3:   2]
19-10-2018 22:11:06:331 phase1 [TRACE] : Inserting into Log the operation: AddOperation [recipe=[brqcmawf, Content--brqcmawf, user3], timestamp=user3:   2]
19-10-2018 22:11:06:331 phase1 [TRACE] : Log updated:

19-10-2018 22:11:06:331 phase1 [TRACE] : Updating the TimestampVectorInserting with the timestamp: user3:   2
19-10-2018 22:11:06:332 phase1 [TRACE] : Summary updated:
user1:   -1000
user2:   -1000
user0:   -1000
user3:   -1000
user4:   -1000

19-10-2018 22:11:06:332 phase1 [TRACE] : Inserting into Log the operation: AddOperation [recipe=[wvfvcioe, Content--wvfvcioe, user0], timestamp=user0:   1]
19-10-2018 22:11:06:332 phase1 [TRACE] : Inserting into Log the operation: AddOperation [recipe=[wvfvcioe, Content--wvfvcioe, user0], timestamp=user0:   1]
19-10-2018 22:11:06:333 phase1 [TRACE] : Log updated:

19-10-2018 22:11:06:333 phase1 [TRACE] : Updating the TimestampVectorInserting with the timestamp: user0:   1
19-10-2018 22:11:06:333 phase1 [TRACE] : Summary updated:
user1:   -1000
user2:   -1000
user0:   -1000
user3:   -1000
user4:   -1000

19-10-2018 22:11:06:334 phase1 [TRACE] : Inserting into Log the operation: AddOperation [recipe=[jdpmsrot, Content--jdpmsrot, user4], timestamp=user4:   2]
19-10-2018 22:11:06:334 phase1 [TRACE] : Inserting into Log the operation: AddOperation [recipe=[jdpmsrot, Content--jdpmsrot, user4], timestamp=user4:   2]
19-10-2018 22:11:06:335 phase1 [TRACE] : Log updated:

19-10-2018 22:11:06:335 phase1 [TRACE] : Updating the TimestampVectorInserting with the timestamp: user4:   2
19-10-2018 22:11:06:335 phase1 [TRACE] : Summary updated:
user1:   -1000
user2:   -1000
user0:   -1000
user3:   -1000
user4:   -1000

19-10-2018 22:11:06:336 phase1 [TRACE] : Inserting into Log the operation: AddOperation [recipe=[bycjuiap, Content--bycjuiap, user2], timestamp=user2:   3]
19-10-2018 22:11:06:336 phase1 [TRACE] : Inserting into Log the operation: AddOperation [recipe=[bycjuiap, Content--bycjuiap, user2], timestamp=user2:   3]
19-10-2018 22:11:06:337 phase1 [TRACE] : Log updated:

19-10-2018 22:11:06:337 phase1 [TRACE] : Updating the TimestampVectorInserting with the timestamp: user2:   3
19-10-2018 22:11:06:337 phase1 [TRACE] : Summary updated:
user1:   -1000
user2:   -1000
user0:   -1000
user3:   -1000
user4:   -1000

19-10-2018 22:11:06:338 phase1 [TRACE] : Inserting into Log the operation: AddOperation [recipe=[prrrbyyq, Content--prrrbyyq, user4], timestamp=user4:   3]
19-10-2018 22:11:06:338 phase1 [TRACE] : Inserting into Log the operation: AddOperation [recipe=[prrrbyyq, Content--prrrbyyq, user4], timestamp=user4:   3]
19-10-2018 22:11:06:339 phase1 [TRACE] : Log updated:

19-10-2018 22:11:06:339 phase1 [TRACE] : Updating the TimestampVectorInserting with the timestamp: user4:   3
19-10-2018 22:11:06:339 phase1 [TRACE] : Summary updated:
user1:   -1000
user2:   -1000
user0:   -1000
user3:   -1000
user4:   -1000

19-10-2018 22:11:06:339 phase1 [TRACE] : Inserting into Log the operation: AddOperation [recipe=[ayxlnxfj, Content--ayxlnxfj, user0], timestamp=user0:   2]
19-10-2018 22:11:06:340 phase1 [TRACE] : Inserting into Log the operation: AddOperation [recipe=[ayxlnxfj, Content--ayxlnxfj, user0], timestamp=user0:   2]
19-10-2018 22:11:06:340 phase1 [TRACE] : Log updated:

19-10-2018 22:11:06:340 phase1 [TRACE] : Updating the TimestampVectorInserting with the timestamp: user0:   2
19-10-2018 22:11:06:341 phase1 [TRACE] : Summary updated:
user1:   -1000
user2:   -1000
user0:   -1000
user3:   -1000
user4:   -1000

19-10-2018 22:11:06:341 phase1 [TRACE] : Inserting into Log the operation: AddOperation [recipe=[fbybqmkf, Content--fbybqmkf, user1], timestamp=user1:   1]
19-10-2018 22:11:06:342 phase1 [TRACE] : Inserting into Log the operation: AddOperation [recipe=[fbybqmkf, Content--fbybqmkf, user1], timestamp=user1:   1]
19-10-2018 22:11:06:342 phase1 [TRACE] : Log updated:

19-10-2018 22:11:06:343 phase1 [TRACE] : Updating the TimestampVectorInserting with the timestamp: user1:   1
19-10-2018 22:11:06:343 phase1 [TRACE] : Summary updated:
user1:   -1000
user2:   -1000
user0:   -1000
user3:   -1000
user4:   -1000

19-10-2018 22:11:06:344 phase1 [TRACE] : Inserting into Log the operation: AddOperation [recipe=[clibbrbl, Content--clibbrbl, user2], timestamp=user2:   4]
19-10-2018 22:11:06:344 phase1 [TRACE] : Inserting into Log the operation: AddOperation [recipe=[clibbrbl, Content--clibbrbl, user2], timestamp=user2:   4]
19-10-2018 22:11:06:345 phase1 [TRACE] : Log updated:

19-10-2018 22:11:06:345 phase1 [TRACE] : Updating the TimestampVectorInserting with the timestamp: user2:   4
19-10-2018 22:11:06:345 phase1 [TRACE] : Summary updated:
user1:   -1000
user2:   -1000
user0:   -1000
user3:   -1000
user4:   -1000

19-10-2018 22:11:06:345 phase1 [TRACE] : Inserting into Log the operation: AddOperation [recipe=[qycxccpi, Content--qycxccpi, user1], timestamp=user1:   2]
19-10-2018 22:11:06:346 phase1 [TRACE] : Inserting into Log the operation: AddOperation [recipe=[qycxccpi, Content--qycxccpi, user1], timestamp=user1:   2]
19-10-2018 22:11:06:346 phase1 [TRACE] : Log updated:

19-10-2018 22:11:06:346 phase1 [TRACE] : Updating the TimestampVectorInserting with the timestamp: user1:   2
19-10-2018 22:11:06:347 phase1 [TRACE] : Summary updated:
user1:   -1000
user2:   -1000
user0:   -1000
user3:   -1000
user4:   -1000

19-10-2018 22:11:06:347 phase1 [TRACE] : Inserting into Log the operation: AddOperation [recipe=[jeqkicvn, Content--jeqkicvn, user0], timestamp=user0:   3]
19-10-2018 22:11:06:347 phase1 [TRACE] : Inserting into Log the operation: AddOperation [recipe=[jeqkicvn, Content--jeqkicvn, user0], timestamp=user0:   3]
19-10-2018 22:11:06:348 phase1 [TRACE] : Log updated:

19-10-2018 22:11:06:348 phase1 [TRACE] : Updating the TimestampVectorInserting with the timestamp: user0:   3
19-10-2018 22:11:06:348 phase1 [TRACE] : Summary updated:
user1:   -1000
user2:   -1000
user0:   -1000
user3:   -1000
user4:   -1000

19-10-2018 22:11:06:348 phase1 [TRACE] : Inserting into Log the operation: AddOperation [recipe=[gsktxxsh, Content--gsktxxsh, user1], timestamp=user1:   3]
19-10-2018 22:11:06:349 phase1 [TRACE] : Inserting into Log the operation: AddOperation [recipe=[gsktxxsh, Content--gsktxxsh, user1], timestamp=user1:   3]
19-10-2018 22:11:06:349 phase1 [TRACE] : Log updated:

19-10-2018 22:11:06:350 phase1 [TRACE] : Updating the TimestampVectorInserting with the timestamp: user1:   3
19-10-2018 22:11:06:350 phase1 [TRACE] : Summary updated:
user1:   -1000
user2:   -1000
user0:   -1000
user3:   -1000
user4:   -1000

19-10-2018 22:11:06:351 phase1 [TRACE] : Inserting into Log the operation: AddOperation [recipe=[nhmswiev, Content--nhmswiev, user4], timestamp=user4:   4]
19-10-2018 22:11:06:351 phase1 [TRACE] : Inserting into Log the operation: AddOperation [recipe=[nhmswiev, Content--nhmswiev, user4], timestamp=user4:   4]
19-10-2018 22:11:06:351 phase1 [TRACE] : Log updated:

19-10-2018 22:11:06:354 phase1 [TRACE] : Updating the TimestampVectorInserting with the timestamp: user4:   4
19-10-2018 22:11:06:354 phase1 [TRACE] : Summary updated:
user1:   -1000
user2:   -1000
user0:   -1000
user3:   -1000
user4:   -1000

19-10-2018 22:11:06:355 phase1 [TRACE] : Inserting into Log the operation: AddOperation [recipe=[gjtvehkq, Content--gjtvehkq, user0], timestamp=user0:   4]
19-10-2018 22:11:06:355 phase1 [TRACE] : Inserting into Log the operation: AddOperation [recipe=[gjtvehkq, Content--gjtvehkq, user0], timestamp=user0:   4]
19-10-2018 22:11:06:355 phase1 [TRACE] : Log updated:

19-10-2018 22:11:06:355 phase1 [TRACE] : Updating the TimestampVectorInserting with the timestamp: user0:   4
19-10-2018 22:11:06:356 phase1 [TRACE] : Summary updated:
user1:   -1000
user2:   -1000
user0:   -1000
user3:   -1000
user4:   -1000

19-10-2018 22:11:06:356 phase1 [TRACE] : Inserting into Log the operation: AddOperation [recipe=[rlretsfx, Content--rlretsfx, user2], timestamp=user2:   5]
19-10-2018 22:11:06:356 phase1 [TRACE] : Inserting into Log the operation: AddOperation [recipe=[rlretsfx, Content--rlretsfx, user2], timestamp=user2:   5]
19-10-2018 22:11:06:357 phase1 [TRACE] : Log updated:

19-10-2018 22:11:06:357 phase1 [TRACE] : Updating the TimestampVectorInserting with the timestamp: user2:   5
19-10-2018 22:11:06:357 phase1 [TRACE] : Summary updated:
user1:   -1000
user2:   -1000
user0:   -1000
user3:   -1000
user4:   -1000

19-10-2018 22:11:06:357 phase1 [TRACE] : Inserting into Log the operation: AddOperation [recipe=[hnsfjsrm, Content--hnsfjsrm, user0], timestamp=user0:   5]
19-10-2018 22:11:06:358 phase1 [TRACE] : Inserting into Log the operation: AddOperation [recipe=[hnsfjsrm, Content--hnsfjsrm, user0], timestamp=user0:   5]
19-10-2018 22:11:06:358 phase1 [TRACE] : Log updated:

19-10-2018 22:11:06:358 phase1 [TRACE] : Updating the TimestampVectorInserting with the timestamp: user0:   5
19-10-2018 22:11:06:359 phase1 [TRACE] : Summary updated:
user1:   -1000
user2:   -1000
user0:   -1000
user3:   -1000
user4:   -1000

19-10-2018 22:11:06:359 phase1 [TRACE] : Inserting into Log the operation: AddOperation [recipe=[dtuaotah, Content--dtuaotah, user4], timestamp=user4:   5]
19-10-2018 22:11:06:359 phase1 [TRACE] : Inserting into Log the operation: AddOperation [recipe=[dtuaotah, Content--dtuaotah, user4], timestamp=user4:   5]
19-10-2018 22:11:06:360 phase1 [TRACE] : Log updated:

19-10-2018 22:11:06:360 phase1 [TRACE] : Updating the TimestampVectorInserting with the timestamp: user4:   5
19-10-2018 22:11:06:360 phase1 [TRACE] : Summary updated:
user1:   -1000
user2:   -1000
user0:   -1000
user3:   -1000
user4:   -1000

19-10-2018 22:11:06:361 phase1 [TRACE] : Inserting into Log the operation: AddOperation [recipe=[vqkrfrdd, Content--vqkrfrdd, user2], timestamp=user2:   6]
19-10-2018 22:11:06:361 phase1 [TRACE] : Inserting into Log the operation: AddOperation [recipe=[vqkrfrdd, Content--vqkrfrdd, user2], timestamp=user2:   6]
19-10-2018 22:11:06:362 phase1 [TRACE] : Log updated:

19-10-2018 22:11:06:362 phase1 [TRACE] : Updating the TimestampVectorInserting with the timestamp: user2:   6
19-10-2018 22:11:06:362 phase1 [TRACE] : Summary updated:
user1:   -1000
user2:   -1000
user0:   -1000
user3:   -1000
user4:   -1000

19-10-2018 22:11:06:363 phase1 [TRACE] : Inserting into Log the operation: AddOperation [recipe=[hlvdoryn, Content--hlvdoryn, user1], timestamp=user1:   4]
19-10-2018 22:11:06:363 phase1 [TRACE] : Inserting into Log the operation: AddOperation [recipe=[hlvdoryn, Content--hlvdoryn, user1], timestamp=user1:   4]
19-10-2018 22:11:06:363 phase1 [TRACE] : Log updated:

19-10-2018 22:11:06:364 phase1 [TRACE] : Updating the TimestampVectorInserting with the timestamp: user1:   4
19-10-2018 22:11:06:364 phase1 [TRACE] : Summary updated:
user1:   -1000
user2:   -1000
user0:   -1000
user3:   -1000
user4:   -1000

19-10-2018 22:11:06:364 phase1 [TRACE] : Inserting into Log the operation: AddOperation [recipe=[srhvddam, Content--srhvddam, user2], timestamp=user2:   7]
19-10-2018 22:11:06:365 phase1 [TRACE] : Inserting into Log the operation: AddOperation [recipe=[srhvddam, Content--srhvddam, user2], timestamp=user2:   7]
19-10-2018 22:11:06:365 phase1 [TRACE] : Log updated:

19-10-2018 22:11:06:365 phase1 [TRACE] : Updating the TimestampVectorInserting with the timestamp: user2:   7
19-10-2018 22:11:06:365 phase1 [TRACE] : Summary updated:
user1:   -1000
user2:   -1000
user0:   -1000
user3:   -1000
user4:   -1000

19-10-2018 22:11:06:366 phase1 [TRACE] : Inserting into Log the operation: AddOperation [recipe=[jfyqttss, Content--jfyqttss, user4], timestamp=user4:   6]
19-10-2018 22:11:06:366 phase1 [TRACE] : Inserting into Log the operation: AddOperation [recipe=[jfyqttss, Content--jfyqttss, user4], timestamp=user4:   6]
19-10-2018 22:11:06:366 phase1 [TRACE] : Log updated:

19-10-2018 22:11:06:367 phase1 [TRACE] : Updating the TimestampVectorInserting with the timestamp: user4:   6
19-10-2018 22:11:06:367 phase1 [TRACE] : Summary updated:
user1:   -1000
user2:   -1000
user0:   -1000
user3:   -1000
user4:   -1000

19-10-2018 22:11:06:368 phase1 [TRACE] : Inserting into Log the operation: AddOperation [recipe=[tustxmqr, Content--tustxmqr, user0], timestamp=user0:   6]
19-10-2018 22:11:06:368 phase1 [TRACE] : Inserting into Log the operation: AddOperation [recipe=[tustxmqr, Content--tustxmqr, user0], timestamp=user0:   6]
19-10-2018 22:11:06:368 phase1 [TRACE] : Log updated:

19-10-2018 22:11:06:369 phase1 [TRACE] : Updating the TimestampVectorInserting with the timestamp: user0:   6
19-10-2018 22:11:06:369 phase1 [TRACE] : Summary updated:
user1:   -1000
user2:   -1000
user0:   -1000
user3:   -1000
user4:   -1000

19-10-2018 22:11:06:369 phase1 [TRACE] : Inserting into Log the operation: AddOperation [recipe=[vribeukc, Content--vribeukc, user3], timestamp=user3:   3]
19-10-2018 22:11:06:369 phase1 [TRACE] : Inserting into Log the operation: AddOperation [recipe=[vribeukc, Content--vribeukc, user3], timestamp=user3:   3]
19-10-2018 22:11:06:370 phase1 [TRACE] : Log updated:

19-10-2018 22:11:06:370 phase1 [TRACE] : Updating the TimestampVectorInserting with the timestamp: user3:   3
19-10-2018 22:11:06:370 phase1 [TRACE] : Summary updated:
user1:   -1000
user2:   -1000
user0:   -1000
user3:   -1000
user4:   -1000

19-10-2018 22:11:06:370 phase1 [TRACE] : Inserting into Log the operation: AddOperation [recipe=[xakmtotn, Content--xakmtotn, user4], timestamp=user4:   7]
19-10-2018 22:11:06:371 phase1 [TRACE] : Inserting into Log the operation: AddOperation [recipe=[xakmtotn, Content--xakmtotn, user4], timestamp=user4:   7]
19-10-2018 22:11:06:371 phase1 [TRACE] : Log updated:

19-10-2018 22:11:06:371 phase1 [TRACE] : Updating the TimestampVectorInserting with the timestamp: user4:   7
19-10-2018 22:11:06:372 phase1 [TRACE] : Summary updated:
user1:   -1000
user2:   -1000
user0:   -1000
user3:   -1000
user4:   -1000

19-10-2018 22:11:06:372 phase1 [TRACE] : Inserting into Log the operation: AddOperation [recipe=[skotncrs, Content--skotncrs, user2], timestamp=user2:   8]
19-10-2018 22:11:06:372 phase1 [TRACE] : Inserting into Log the operation: AddOperation [recipe=[skotncrs, Content--skotncrs, user2], timestamp=user2:   8]
19-10-2018 22:11:06:372 phase1 [TRACE] : Log updated:

19-10-2018 22:11:06:373 phase1 [TRACE] : Updating the TimestampVectorInserting with the timestamp: user2:   8
19-10-2018 22:11:06:373 phase1 [TRACE] : Summary updated:
user1:   -1000
user2:   -1000
user0:   -1000
user3:   -1000
user4:   -1000

19-10-2018 22:11:06:373 phase1 [TRACE] : Inserting into Log the operation: AddOperation [recipe=[tluqowex, Content--tluqowex, user2], timestamp=user2:   9]
19-10-2018 22:11:06:373 phase1 [TRACE] : Inserting into Log the operation: AddOperation [recipe=[tluqowex, Content--tluqowex, user2], timestamp=user2:   9]
19-10-2018 22:11:06:374 phase1 [TRACE] : Log updated:

19-10-2018 22:11:06:374 phase1 [TRACE] : Updating the TimestampVectorInserting with the timestamp: user2:   9
19-10-2018 22:11:06:374 phase1 [TRACE] : Summary updated:
user1:   -1000
user2:   -1000
user0:   -1000
user3:   -1000
user4:   -1000

19-10-2018 22:11:06:375 phase1 [TRACE] : Inserting into Log the operation: AddOperation [recipe=[lupjjovh, Content--lupjjovh, user3], timestamp=user3:   4]
19-10-2018 22:11:06:375 phase1 [TRACE] : Inserting into Log the operation: AddOperation [recipe=[lupjjovh, Content--lupjjovh, user3], timestamp=user3:   4]
19-10-2018 22:11:06:375 phase1 [TRACE] : Log updated:

19-10-2018 22:11:06:376 phase1 [TRACE] : Updating the TimestampVectorInserting with the timestamp: user3:   4
19-10-2018 22:11:06:376 phase1 [TRACE] : Summary updated:
user1:   -1000
user2:   -1000
user0:   -1000
user3:   -1000
user4:   -1000

19-10-2018 22:11:06:376 phase1 [TRACE] : Inserting into Log the operation: AddOperation [recipe=[qbmyxmeo, Content--qbmyxmeo, user3], timestamp=user3:   5]
19-10-2018 22:11:06:377 phase1 [TRACE] : Inserting into Log the operation: AddOperation [recipe=[qbmyxmeo, Content--qbmyxmeo, user3], timestamp=user3:   5]
19-10-2018 22:11:06:377 phase1 [TRACE] : Log updated:

19-10-2018 22:11:06:377 phase1 [TRACE] : Updating the TimestampVectorInserting with the timestamp: user3:   5
19-10-2018 22:11:06:378 phase1 [TRACE] : Summary updated:
user1:   -1000
user2:   -1000
user0:   -1000
user3:   -1000
user4:   -1000

19-10-2018 22:11:06:378 phase1 [TRACE] : Inserting into Log the operation: AddOperation [recipe=[ooqduvgv, Content--ooqduvgv, user4], timestamp=user4:   8]
19-10-2018 22:11:06:378 phase1 [TRACE] : Inserting into Log the operation: AddOperation [recipe=[ooqduvgv, Content--ooqduvgv, user4], timestamp=user4:   8]
19-10-2018 22:11:06:378 phase1 [TRACE] : Log updated:

19-10-2018 22:11:06:378 phase1 [TRACE] : Updating the TimestampVectorInserting with the timestamp: user4:   8
19-10-2018 22:11:06:379 phase1 [TRACE] : Summary updated:
user1:   -1000
user2:   -1000
user0:   -1000
user3:   -1000
user4:   -1000

19-10-2018 22:11:06:379 phase1 [TRACE] : Inserting into Log the operation: AddOperation [recipe=[hauelsfc, Content--hauelsfc, user1], timestamp=user1:   5]
19-10-2018 22:11:06:379 phase1 [TRACE] : Inserting into Log the operation: AddOperation [recipe=[hauelsfc, Content--hauelsfc, user1], timestamp=user1:   5]
19-10-2018 22:11:06:380 phase1 [TRACE] : Log updated:

19-10-2018 22:11:06:380 phase1 [TRACE] : Updating the TimestampVectorInserting with the timestamp: user1:   5
19-10-2018 22:11:06:380 phase1 [TRACE] : Summary updated:
user1:   -1000
user2:   -1000
user0:   -1000
user3:   -1000
user4:   -1000

19-10-2018 22:11:06:381 phase1 [TRACE] : Inserting into Log the operation: AddOperation [recipe=[jvuacyfw, Content--jvuacyfw, user3], timestamp=user3:   6]
19-10-2018 22:11:06:381 phase1 [TRACE] : Inserting into Log the operation: AddOperation [recipe=[jvuacyfw, Content--jvuacyfw, user3], timestamp=user3:   6]
19-10-2018 22:11:06:381 phase1 [TRACE] : Log updated:

19-10-2018 22:11:06:381 phase1 [TRACE] : Updating the TimestampVectorInserting with the timestamp: user3:   6
19-10-2018 22:11:06:382 phase1 [TRACE] : Summary updated:
user1:   -1000
user2:   -1000
user0:   -1000
user3:   -1000
user4:   -1000

19-10-2018 22:11:06:382 phase1 [TRACE] : Inserting into Log the operation: AddOperation [recipe=[kpetxjqi, Content--kpetxjqi, user1], timestamp=user1:   6]
19-10-2018 22:11:06:382 phase1 [TRACE] : Inserting into Log the operation: AddOperation [recipe=[kpetxjqi, Content--kpetxjqi, user1], timestamp=user1:   6]
19-10-2018 22:11:06:382 phase1 [TRACE] : Log updated:

19-10-2018 22:11:06:383 phase1 [TRACE] : Updating the TimestampVectorInserting with the timestamp: user1:   6
19-10-2018 22:11:06:383 phase1 [TRACE] : Summary updated:
user1:   -1000
user2:   -1000
user0:   -1000
user3:   -1000
user4:   -1000

19-10-2018 22:11:06:383 phase1 [TRACE] : Inserting into Log the operation: AddOperation [recipe=[fdfyucma, Content--fdfyucma, user2], timestamp=user2:   10]
19-10-2018 22:11:06:384 phase1 [TRACE] : Inserting into Log the operation: AddOperation [recipe=[fdfyucma, Content--fdfyucma, user2], timestamp=user2:   10]
19-10-2018 22:11:06:384 phase1 [TRACE] : Log updated:

19-10-2018 22:11:06:384 phase1 [TRACE] : Updating the TimestampVectorInserting with the timestamp: user2:   10
19-10-2018 22:11:06:384 phase1 [TRACE] : Summary updated:
user1:   -1000
user2:   -1000
user0:   -1000
user3:   -1000
user4:   -1000

19-10-2018 22:11:06:385 phase1 [TRACE] : Inserting into Log the operation: AddOperation [recipe=[lvckthrq, Content--lvckthrq, user4], timestamp=user4:   9]
19-10-2018 22:11:06:385 phase1 [TRACE] : Inserting into Log the operation: AddOperation [recipe=[lvckthrq, Content--lvckthrq, user4], timestamp=user4:   9]
19-10-2018 22:11:06:386 phase1 [TRACE] : Log updated:

19-10-2018 22:11:06:386 phase1 [TRACE] : Updating the TimestampVectorInserting with the timestamp: user4:   9
19-10-2018 22:11:06:386 phase1 [TRACE] : Summary updated:
user1:   -1000
user2:   -1000
user0:   -1000
user3:   -1000
user4:   -1000

19-10-2018 22:11:06:387 phase1 [TRACE] : Inserting into Log the operation: AddOperation [recipe=[booxoevo, Content--booxoevo, user3], timestamp=user3:   7]
19-10-2018 22:11:06:387 phase1 [TRACE] : Inserting into Log the operation: AddOperation [recipe=[booxoevo, Content--booxoevo, user3], timestamp=user3:   7]
19-10-2018 22:11:06:388 phase1 [TRACE] : Log updated:

19-10-2018 22:11:06:388 phase1 [TRACE] : Updating the TimestampVectorInserting with the timestamp: user3:   7
19-10-2018 22:11:06:388 phase1 [TRACE] : Summary updated:
user1:   -1000
user2:   -1000
user0:   -1000
user3:   -1000
user4:   -1000

19-10-2018 22:11:06:389 phase1 [TRACE] : Inserting into Log the operation: AddOperation [recipe=[pytljyec, Content--pytljyec, user4], timestamp=user4:   10]
19-10-2018 22:11:06:389 phase1 [TRACE] : Inserting into Log the operation: AddOperation [recipe=[pytljyec, Content--pytljyec, user4], timestamp=user4:   10]
19-10-2018 22:11:06:389 phase1 [TRACE] : Log updated:

19-10-2018 22:11:06:390 phase1 [TRACE] : Updating the TimestampVectorInserting with the timestamp: user4:   10
19-10-2018 22:11:06:390 phase1 [TRACE] : Summary updated:
user1:   -1000
user2:   -1000
user0:   -1000
user3:   -1000
user4:   -1000

19-10-2018 22:11:06:391 phase1 [TRACE] : Inserting into Log the operation: AddOperation [recipe=[cefxgrfy, Content--cefxgrfy, user3], timestamp=user3:   8]
19-10-2018 22:11:06:391 phase1 [TRACE] : Inserting into Log the operation: AddOperation [recipe=[cefxgrfy, Content--cefxgrfy, user3], timestamp=user3:   8]
19-10-2018 22:11:06:391 phase1 [TRACE] : Log updated:

19-10-2018 22:11:06:391 phase1 [TRACE] : Updating the TimestampVectorInserting with the timestamp: user3:   8
19-10-2018 22:11:06:392 phase1 [TRACE] : Summary updated:
user1:   -1000
user2:   -1000
user0:   -1000
user3:   -1000
user4:   -1000

19-10-2018 22:11:06:392 phase1 [TRACE] : Inserting into Log the operation: AddOperation [recipe=[nikvppdg, Content--nikvppdg, user3], timestamp=user3:   9]
19-10-2018 22:11:06:392 phase1 [TRACE] : Inserting into Log the operation: AddOperation [recipe=[nikvppdg, Content--nikvppdg, user3], timestamp=user3:   9]
19-10-2018 22:11:06:392 phase1 [TRACE] : Log updated:

19-10-2018 22:11:06:393 phase1 [TRACE] : Updating the TimestampVectorInserting with the timestamp: user3:   9
19-10-2018 22:11:06:393 phase1 [TRACE] : Summary updated:
user1:   -1000
user2:   -1000
user0:   -1000
user3:   -1000
user4:   -1000

19-10-2018 22:11:06:393 phase1 [TRACE] : Inserting into Log the operation: AddOperation [recipe=[phmfgbsu, Content--phmfgbsu, user3], timestamp=user3:   10]
19-10-2018 22:11:06:394 phase1 [TRACE] : Inserting into Log the operation: AddOperation [recipe=[phmfgbsu, Content--phmfgbsu, user3], timestamp=user3:   10]
19-10-2018 22:11:06:394 phase1 [TRACE] : Log updated:

19-10-2018 22:11:06:394 phase1 [TRACE] : Updating the TimestampVectorInserting with the timestamp: user3:   10
19-10-2018 22:11:06:394 phase1 [TRACE] : Summary updated:
user1:   -1000
user2:   -1000
user0:   -1000
user3:   -1000
user4:   -1000

19-10-2018 22:11:06:395 phase1 [TRACE] : Inserting into Log the operation: AddOperation [recipe=[fewjqkrh, Content--fewjqkrh, user3], timestamp=user3:   11]
19-10-2018 22:11:06:395 phase1 [TRACE] : Inserting into Log the operation: AddOperation [recipe=[fewjqkrh, Content--fewjqkrh, user3], timestamp=user3:   11]
19-10-2018 22:11:06:396 phase1 [TRACE] : Log updated:

19-10-2018 22:11:06:396 phase1 [TRACE] : Updating the TimestampVectorInserting with the timestamp: user3:   11
19-10-2018 22:11:06:396 phase1 [TRACE] : Summary updated:
user1:   -1000
user2:   -1000
user0:   -1000
user3:   -1000
user4:   -1000

19-10-2018 22:11:06:397 phase1 [TRACE] : Inserting into Log the operation: AddOperation [recipe=[yjcaeuhb, Content--yjcaeuhb, user1], timestamp=user1:   7]
19-10-2018 22:11:06:397 phase1 [TRACE] : Inserting into Log the operation: AddOperation [recipe=[yjcaeuhb, Content--yjcaeuhb, user1], timestamp=user1:   7]
19-10-2018 22:11:06:397 phase1 [TRACE] : Log updated:

19-10-2018 22:11:06:398 phase1 [TRACE] : Updating the TimestampVectorInserting with the timestamp: user1:   7
19-10-2018 22:11:06:398 phase1 [TRACE] : Summary updated:
user1:   -1000
user2:   -1000
user0:   -1000
user3:   -1000
user4:   -1000

19-10-2018 22:11:06:399 phase1 [TRACE] : Inserting into Log the operation: AddOperation [recipe=[roppuwew, Content--roppuwew, user4], timestamp=user4:   11]
19-10-2018 22:11:06:399 phase1 [TRACE] : Inserting into Log the operation: AddOperation [recipe=[roppuwew, Content--roppuwew, user4], timestamp=user4:   11]
19-10-2018 22:11:06:399 phase1 [TRACE] : Log updated:

19-10-2018 22:11:06:399 phase1 [TRACE] : Updating the TimestampVectorInserting with the timestamp: user4:   11
19-10-2018 22:11:06:400 phase1 [TRACE] : Summary updated:
user1:   -1000
user2:   -1000
user0:   -1000
user3:   -1000
user4:   -1000

19-10-2018 22:11:06:400 phase1 [INFO] : Log:

19-10-2018 22:11:06:400 phase1 [INFO] : Summary:
user1:   -1000
user2:   -1000
user0:   -1000
user3:   -1000
user4:   -1000

