19-10-2018 21:12:47:394 phase1 [INFO] : List of users: [user0, user1, user2, user3, user4]
19-10-2018 21:12:47:407 phase1 [INFO] : List of operations:
[AddOperation [recipe=[ftyqqryp, Content--ftyqqryp, user0], timestamp=user0:   0], AddOperation [recipe=[vgrxismv, Content--vgrxismv, user2], timestamp=user2:   0], AddOperation [recipe=[mrtsccko, Content--mrtsccko, user1], timestamp=user1:   0], AddOperation [recipe=[mtxhcsxk, Content--mtxhcsxk, user4], timestamp=user4:   0], AddOperation [recipe=[igutjmas, Content--igutjmas, user2], timestamp=user2:   1], AddOperation [recipe=[enwxuoaq, Content--enwxuoaq, user2], timestamp=user2:   2], AddOperation [recipe=[naenayif, Content--naenayif, user3], timestamp=user3:   0], AddOperation [recipe=[paqhlrar, Content--paqhlrar, user3], timestamp=user3:   1], AddOperation [recipe=[guimxcvn, Content--guimxcvn, user4], timestamp=user4:   1], AddOperation [recipe=[brqcmawf, Content--brqcmawf, user3], timestamp=user3:   2], AddOperation [recipe=[wvfvcioe, Content--wvfvcioe, user0], timestamp=user0:   1], AddOperation [recipe=[jdpmsrot, Content--jdpmsrot, user4], timestamp=user4:   2], AddOperation [recipe=[bycjuiap, Content--bycjuiap, user2], timestamp=user2:   3], AddOperation [recipe=[prrrbyyq, Content--prrrbyyq, user4], timestamp=user4:   3], AddOperation [recipe=[ayxlnxfj, Content--ayxlnxfj, user0], timestamp=user0:   2], AddOperation [recipe=[fbybqmkf, Content--fbybqmkf, user1], timestamp=user1:   1], AddOperation [recipe=[clibbrbl, Content--clibbrbl, user2], timestamp=user2:   4], AddOperation [recipe=[qycxccpi, Content--qycxccpi, user1], timestamp=user1:   2], AddOperation [recipe=[jeqkicvn, Content--jeqkicvn, user0], timestamp=user0:   3], AddOperation [recipe=[gsktxxsh, Content--gsktxxsh, user1], timestamp=user1:   3], AddOperation [recipe=[nhmswiev, Content--nhmswiev, user4], timestamp=user4:   4], AddOperation [recipe=[gjtvehkq, Content--gjtvehkq, user0], timestamp=user0:   4], AddOperation [recipe=[rlretsfx, Content--rlretsfx, user2], timestamp=user2:   5], AddOperation [recipe=[hnsfjsrm, Content--hnsfjsrm, user0], timestamp=user0:   5], AddOperation [recipe=[dtuaotah, Content--dtuaotah, user4], timestamp=user4:   5], AddOperation [recipe=[vqkrfrdd, Content--vqkrfrdd, user2], timestamp=user2:   6], AddOperation [recipe=[hlvdoryn, Content--hlvdoryn, user1], timestamp=user1:   4], AddOperation [recipe=[srhvddam, Content--srhvddam, user2], timestamp=user2:   7], AddOperation [recipe=[jfyqttss, Content--jfyqttss, user4], timestamp=user4:   6], AddOperation [recipe=[tustxmqr, Content--tustxmqr, user0], timestamp=user0:   6], AddOperation [recipe=[vribeukc, Content--vribeukc, user3], timestamp=user3:   3], AddOperation [recipe=[xakmtotn, Content--xakmtotn, user4], timestamp=user4:   7], AddOperation [recipe=[skotncrs, Content--skotncrs, user2], timestamp=user2:   8], AddOperation [recipe=[tluqowex, Content--tluqowex, user2], timestamp=user2:   9], AddOperation [recipe=[lupjjovh, Content--lupjjovh, user3], timestamp=user3:   4], AddOperation [recipe=[qbmyxmeo, Content--qbmyxmeo, user3], timestamp=user3:   5], AddOperation [recipe=[ooqduvgv, Content--ooqduvgv, user4], timestamp=user4:   8], AddOperation [recipe=[hauelsfc, Content--hauelsfc, user1], timestamp=user1:   5], AddOperation [recipe=[jvuacyfw, Content--jvuacyfw, user3], timestamp=user3:   6], AddOperation [recipe=[kpetxjqi, Content--kpetxjqi, user1], timestamp=user1:   6], AddOperation [recipe=[fdfyucma, Content--fdfyucma, user2], timestamp=user2:   10], AddOperation [recipe=[lvckthrq, Content--lvckthrq, user4], timestamp=user4:   9], AddOperation [recipe=[booxoevo, Content--booxoevo, user3], timestamp=user3:   7], AddOperation [recipe=[pytljyec, Content--pytljyec, user4], timestamp=user4:   10], AddOperation [recipe=[cefxgrfy, Content--cefxgrfy, user3], timestamp=user3:   8], AddOperation [recipe=[nikvppdg, Content--nikvppdg, user3], timestamp=user3:   9], AddOperation [recipe=[phmfgbsu, Content--phmfgbsu, user3], timestamp=user3:   10], AddOperation [recipe=[fewjqkrh, Content--fewjqkrh, user3], timestamp=user3:   11], AddOperation [recipe=[yjcaeuhb, Content--yjcaeuhb, user1], timestamp=user1:   7], AddOperation [recipe=[roppuwew, Content--roppuwew, user4], timestamp=user4:   11]]
19-10-2018 21:12:47:409 phase1 [TRACE] : Inserting into Log the operation: AddOperation [recipe=[ftyqqryp, Content--ftyqqryp, user0], timestamp=user0:   0]
19-10-2018 21:12:47:409 phase1 [TRACE] : Log updated:

19-10-2018 21:12:47:410 phase1 [TRACE] : Updating the TimestampVectorInserting with the timestamp: user0:   0
19-10-2018 21:12:47:410 phase1 [TRACE] : Summary updated:
user1:   -1000
user2:   -1000
user0:   -1000
user3:   -1000
user4:   -1000

19-10-2018 21:12:47:411 phase1 [TRACE] : Inserting into Log the operation: AddOperation [recipe=[vgrxismv, Content--vgrxismv, user2], timestamp=user2:   0]
19-10-2018 21:12:47:411 phase1 [TRACE] : Log updated:

19-10-2018 21:12:47:411 phase1 [TRACE] : Updating the TimestampVectorInserting with the timestamp: user2:   0
19-10-2018 21:12:47:412 phase1 [TRACE] : Summary updated:
user1:   -1000
user2:   -1000
user0:   -1000
user3:   -1000
user4:   -1000

19-10-2018 21:12:47:412 phase1 [TRACE] : Inserting into Log the operation: AddOperation [recipe=[mrtsccko, Content--mrtsccko, user1], timestamp=user1:   0]
19-10-2018 21:12:47:412 phase1 [TRACE] : Log updated:

19-10-2018 21:12:47:413 phase1 [TRACE] : Updating the TimestampVectorInserting with the timestamp: user1:   0
19-10-2018 21:12:47:413 phase1 [TRACE] : Summary updated:
user1:   -1000
user2:   -1000
user0:   -1000
user3:   -1000
user4:   -1000

19-10-2018 21:12:47:413 phase1 [TRACE] : Inserting into Log the operation: AddOperation [recipe=[mtxhcsxk, Content--mtxhcsxk, user4], timestamp=user4:   0]
19-10-2018 21:12:47:414 phase1 [TRACE] : Log updated:

19-10-2018 21:12:47:414 phase1 [TRACE] : Updating the TimestampVectorInserting with the timestamp: user4:   0
19-10-2018 21:12:47:414 phase1 [TRACE] : Summary updated:
user1:   -1000
user2:   -1000
user0:   -1000
user3:   -1000
user4:   -1000

19-10-2018 21:12:47:415 phase1 [TRACE] : Inserting into Log the operation: AddOperation [recipe=[igutjmas, Content--igutjmas, user2], timestamp=user2:   1]
19-10-2018 21:12:47:415 phase1 [TRACE] : Log updated:

19-10-2018 21:12:47:415 phase1 [TRACE] : Updating the TimestampVectorInserting with the timestamp: user2:   1
19-10-2018 21:12:47:416 phase1 [TRACE] : Summary updated:
user1:   -1000
user2:   -1000
user0:   -1000
user3:   -1000
user4:   -1000

19-10-2018 21:12:47:416 phase1 [TRACE] : Inserting into Log the operation: AddOperation [recipe=[enwxuoaq, Content--enwxuoaq, user2], timestamp=user2:   2]
19-10-2018 21:12:47:417 phase1 [TRACE] : Log updated:

19-10-2018 21:12:47:417 phase1 [TRACE] : Updating the TimestampVectorInserting with the timestamp: user2:   2
19-10-2018 21:12:47:417 phase1 [TRACE] : Summary updated:
user1:   -1000
user2:   -1000
user0:   -1000
user3:   -1000
user4:   -1000

19-10-2018 21:12:47:418 phase1 [TRACE] : Inserting into Log the operation: AddOperation [recipe=[naenayif, Content--naenayif, user3], timestamp=user3:   0]
19-10-2018 21:12:47:418 phase1 [TRACE] : Log updated:

19-10-2018 21:12:47:419 phase1 [TRACE] : Updating the TimestampVectorInserting with the timestamp: user3:   0
19-10-2018 21:12:47:419 phase1 [TRACE] : Summary updated:
user1:   -1000
user2:   -1000
user0:   -1000
user3:   -1000
user4:   -1000

19-10-2018 21:12:47:419 phase1 [TRACE] : Inserting into Log the operation: AddOperation [recipe=[paqhlrar, Content--paqhlrar, user3], timestamp=user3:   1]
19-10-2018 21:12:47:420 phase1 [TRACE] : Log updated:

19-10-2018 21:12:47:420 phase1 [TRACE] : Updating the TimestampVectorInserting with the timestamp: user3:   1
19-10-2018 21:12:47:420 phase1 [TRACE] : Summary updated:
user1:   -1000
user2:   -1000
user0:   -1000
user3:   -1000
user4:   -1000

19-10-2018 21:12:47:421 phase1 [TRACE] : Inserting into Log the operation: AddOperation [recipe=[guimxcvn, Content--guimxcvn, user4], timestamp=user4:   1]
19-10-2018 21:12:47:421 phase1 [TRACE] : Log updated:

19-10-2018 21:12:47:421 phase1 [TRACE] : Updating the TimestampVectorInserting with the timestamp: user4:   1
19-10-2018 21:12:47:422 phase1 [TRACE] : Summary updated:
user1:   -1000
user2:   -1000
user0:   -1000
user3:   -1000
user4:   -1000

19-10-2018 21:12:47:422 phase1 [TRACE] : Inserting into Log the operation: AddOperation [recipe=[brqcmawf, Content--brqcmawf, user3], timestamp=user3:   2]
19-10-2018 21:12:47:422 phase1 [TRACE] : Log updated:

19-10-2018 21:12:47:423 phase1 [TRACE] : Updating the TimestampVectorInserting with the timestamp: user3:   2
19-10-2018 21:12:47:423 phase1 [TRACE] : Summary updated:
user1:   -1000
user2:   -1000
user0:   -1000
user3:   -1000
user4:   -1000

19-10-2018 21:12:47:424 phase1 [TRACE] : Inserting into Log the operation: AddOperation [recipe=[wvfvcioe, Content--wvfvcioe, user0], timestamp=user0:   1]
19-10-2018 21:12:47:424 phase1 [TRACE] : Log updated:

19-10-2018 21:12:47:424 phase1 [TRACE] : Updating the TimestampVectorInserting with the timestamp: user0:   1
19-10-2018 21:12:47:424 phase1 [TRACE] : Summary updated:
user1:   -1000
user2:   -1000
user0:   -1000
user3:   -1000
user4:   -1000

19-10-2018 21:12:47:425 phase1 [TRACE] : Inserting into Log the operation: AddOperation [recipe=[jdpmsrot, Content--jdpmsrot, user4], timestamp=user4:   2]
19-10-2018 21:12:47:425 phase1 [TRACE] : Log updated:

19-10-2018 21:12:47:425 phase1 [TRACE] : Updating the TimestampVectorInserting with the timestamp: user4:   2
19-10-2018 21:12:47:426 phase1 [TRACE] : Summary updated:
user1:   -1000
user2:   -1000
user0:   -1000
user3:   -1000
user4:   -1000

19-10-2018 21:12:47:426 phase1 [TRACE] : Inserting into Log the operation: AddOperation [recipe=[bycjuiap, Content--bycjuiap, user2], timestamp=user2:   3]
19-10-2018 21:12:47:426 phase1 [TRACE] : Log updated:

19-10-2018 21:12:47:427 phase1 [TRACE] : Updating the TimestampVectorInserting with the timestamp: user2:   3
19-10-2018 21:12:47:427 phase1 [TRACE] : Summary updated:
user1:   -1000
user2:   -1000
user0:   -1000
user3:   -1000
user4:   -1000

19-10-2018 21:12:47:428 phase1 [TRACE] : Inserting into Log the operation: AddOperation [recipe=[prrrbyyq, Content--prrrbyyq, user4], timestamp=user4:   3]
19-10-2018 21:12:47:428 phase1 [TRACE] : Log updated:

19-10-2018 21:12:47:428 phase1 [TRACE] : Updating the TimestampVectorInserting with the timestamp: user4:   3
19-10-2018 21:12:47:429 phase1 [TRACE] : Summary updated:
user1:   -1000
user2:   -1000
user0:   -1000
user3:   -1000
user4:   -1000

19-10-2018 21:12:47:429 phase1 [TRACE] : Inserting into Log the operation: AddOperation [recipe=[ayxlnxfj, Content--ayxlnxfj, user0], timestamp=user0:   2]
19-10-2018 21:12:47:429 phase1 [TRACE] : Log updated:

19-10-2018 21:12:47:430 phase1 [TRACE] : Updating the TimestampVectorInserting with the timestamp: user0:   2
19-10-2018 21:12:47:430 phase1 [TRACE] : Summary updated:
user1:   -1000
user2:   -1000
user0:   -1000
user3:   -1000
user4:   -1000

19-10-2018 21:12:47:430 phase1 [TRACE] : Inserting into Log the operation: AddOperation [recipe=[fbybqmkf, Content--fbybqmkf, user1], timestamp=user1:   1]
19-10-2018 21:12:47:431 phase1 [TRACE] : Log updated:

19-10-2018 21:12:47:431 phase1 [TRACE] : Updating the TimestampVectorInserting with the timestamp: user1:   1
19-10-2018 21:12:47:432 phase1 [TRACE] : Summary updated:
user1:   -1000
user2:   -1000
user0:   -1000
user3:   -1000
user4:   -1000

19-10-2018 21:12:47:432 phase1 [TRACE] : Inserting into Log the operation: AddOperation [recipe=[clibbrbl, Content--clibbrbl, user2], timestamp=user2:   4]
19-10-2018 21:12:47:432 phase1 [TRACE] : Log updated:

19-10-2018 21:12:47:433 phase1 [TRACE] : Updating the TimestampVectorInserting with the timestamp: user2:   4
19-10-2018 21:12:47:434 phase1 [TRACE] : Summary updated:
user1:   -1000
user2:   -1000
user0:   -1000
user3:   -1000
user4:   -1000

19-10-2018 21:12:47:434 phase1 [TRACE] : Inserting into Log the operation: AddOperation [recipe=[qycxccpi, Content--qycxccpi, user1], timestamp=user1:   2]
19-10-2018 21:12:47:434 phase1 [TRACE] : Log updated:

19-10-2018 21:12:47:435 phase1 [TRACE] : Updating the TimestampVectorInserting with the timestamp: user1:   2
19-10-2018 21:12:47:435 phase1 [TRACE] : Summary updated:
user1:   -1000
user2:   -1000
user0:   -1000
user3:   -1000
user4:   -1000

19-10-2018 21:12:47:435 phase1 [TRACE] : Inserting into Log the operation: AddOperation [recipe=[jeqkicvn, Content--jeqkicvn, user0], timestamp=user0:   3]
19-10-2018 21:12:47:436 phase1 [TRACE] : Log updated:

19-10-2018 21:12:47:436 phase1 [TRACE] : Updating the TimestampVectorInserting with the timestamp: user0:   3
19-10-2018 21:12:47:436 phase1 [TRACE] : Summary updated:
user1:   -1000
user2:   -1000
user0:   -1000
user3:   -1000
user4:   -1000

19-10-2018 21:12:47:437 phase1 [TRACE] : Inserting into Log the operation: AddOperation [recipe=[gsktxxsh, Content--gsktxxsh, user1], timestamp=user1:   3]
19-10-2018 21:12:47:437 phase1 [TRACE] : Log updated:

19-10-2018 21:12:47:437 phase1 [TRACE] : Updating the TimestampVectorInserting with the timestamp: user1:   3
19-10-2018 21:12:47:438 phase1 [TRACE] : Summary updated:
user1:   -1000
user2:   -1000
user0:   -1000
user3:   -1000
user4:   -1000

19-10-2018 21:12:47:438 phase1 [TRACE] : Inserting into Log the operation: AddOperation [recipe=[nhmswiev, Content--nhmswiev, user4], timestamp=user4:   4]
19-10-2018 21:12:47:438 phase1 [TRACE] : Log updated:

19-10-2018 21:12:47:439 phase1 [TRACE] : Updating the TimestampVectorInserting with the timestamp: user4:   4
19-10-2018 21:12:47:439 phase1 [TRACE] : Summary updated:
user1:   -1000
user2:   -1000
user0:   -1000
user3:   -1000
user4:   -1000

19-10-2018 21:12:47:439 phase1 [TRACE] : Inserting into Log the operation: AddOperation [recipe=[gjtvehkq, Content--gjtvehkq, user0], timestamp=user0:   4]
19-10-2018 21:12:47:440 phase1 [TRACE] : Log updated:

19-10-2018 21:12:47:440 phase1 [TRACE] : Updating the TimestampVectorInserting with the timestamp: user0:   4
19-10-2018 21:12:47:441 phase1 [TRACE] : Summary updated:
user1:   -1000
user2:   -1000
user0:   -1000
user3:   -1000
user4:   -1000

19-10-2018 21:12:47:441 phase1 [TRACE] : Inserting into Log the operation: AddOperation [recipe=[rlretsfx, Content--rlretsfx, user2], timestamp=user2:   5]
19-10-2018 21:12:47:441 phase1 [TRACE] : Log updated:

19-10-2018 21:12:47:441 phase1 [TRACE] : Updating the TimestampVectorInserting with the timestamp: user2:   5
19-10-2018 21:12:47:442 phase1 [TRACE] : Summary updated:
user1:   -1000
user2:   -1000
user0:   -1000
user3:   -1000
user4:   -1000

19-10-2018 21:12:47:442 phase1 [TRACE] : Inserting into Log the operation: AddOperation [recipe=[hnsfjsrm, Content--hnsfjsrm, user0], timestamp=user0:   5]
19-10-2018 21:12:47:442 phase1 [TRACE] : Log updated:

19-10-2018 21:12:47:443 phase1 [TRACE] : Updating the TimestampVectorInserting with the timestamp: user0:   5
19-10-2018 21:12:47:443 phase1 [TRACE] : Summary updated:
user1:   -1000
user2:   -1000
user0:   -1000
user3:   -1000
user4:   -1000

19-10-2018 21:12:47:443 phase1 [TRACE] : Inserting into Log the operation: AddOperation [recipe=[dtuaotah, Content--dtuaotah, user4], timestamp=user4:   5]
19-10-2018 21:12:47:444 phase1 [TRACE] : Log updated:

19-10-2018 21:12:47:444 phase1 [TRACE] : Updating the TimestampVectorInserting with the timestamp: user4:   5
19-10-2018 21:12:47:444 phase1 [TRACE] : Summary updated:
user1:   -1000
user2:   -1000
user0:   -1000
user3:   -1000
user4:   -1000

19-10-2018 21:12:47:444 phase1 [TRACE] : Inserting into Log the operation: AddOperation [recipe=[vqkrfrdd, Content--vqkrfrdd, user2], timestamp=user2:   6]
19-10-2018 21:12:47:445 phase1 [TRACE] : Log updated:

19-10-2018 21:12:47:445 phase1 [TRACE] : Updating the TimestampVectorInserting with the timestamp: user2:   6
19-10-2018 21:12:47:445 phase1 [TRACE] : Summary updated:
user1:   -1000
user2:   -1000
user0:   -1000
user3:   -1000
user4:   -1000

19-10-2018 21:12:47:446 phase1 [TRACE] : Inserting into Log the operation: AddOperation [recipe=[hlvdoryn, Content--hlvdoryn, user1], timestamp=user1:   4]
19-10-2018 21:12:47:446 phase1 [TRACE] : Log updated:

19-10-2018 21:12:47:446 phase1 [TRACE] : Updating the TimestampVectorInserting with the timestamp: user1:   4
19-10-2018 21:12:47:447 phase1 [TRACE] : Summary updated:
user1:   -1000
user2:   -1000
user0:   -1000
user3:   -1000
user4:   -1000

19-10-2018 21:12:47:447 phase1 [TRACE] : Inserting into Log the operation: AddOperation [recipe=[srhvddam, Content--srhvddam, user2], timestamp=user2:   7]
19-10-2018 21:12:47:447 phase1 [TRACE] : Log updated:

19-10-2018 21:12:47:448 phase1 [TRACE] : Updating the TimestampVectorInserting with the timestamp: user2:   7
19-10-2018 21:12:47:448 phase1 [TRACE] : Summary updated:
user1:   -1000
user2:   -1000
user0:   -1000
user3:   -1000
user4:   -1000

19-10-2018 21:12:47:449 phase1 [TRACE] : Inserting into Log the operation: AddOperation [recipe=[jfyqttss, Content--jfyqttss, user4], timestamp=user4:   6]
19-10-2018 21:12:47:449 phase1 [TRACE] : Log updated:

19-10-2018 21:12:47:449 phase1 [TRACE] : Updating the TimestampVectorInserting with the timestamp: user4:   6
19-10-2018 21:12:47:449 phase1 [TRACE] : Summary updated:
user1:   -1000
user2:   -1000
user0:   -1000
user3:   -1000
user4:   -1000

19-10-2018 21:12:47:450 phase1 [TRACE] : Inserting into Log the operation: AddOperation [recipe=[tustxmqr, Content--tustxmqr, user0], timestamp=user0:   6]
19-10-2018 21:12:47:450 phase1 [TRACE] : Log updated:

19-10-2018 21:12:47:451 phase1 [TRACE] : Updating the TimestampVectorInserting with the timestamp: user0:   6
19-10-2018 21:12:47:451 phase1 [TRACE] : Summary updated:
user1:   -1000
user2:   -1000
user0:   -1000
user3:   -1000
user4:   -1000

19-10-2018 21:12:47:451 phase1 [TRACE] : Inserting into Log the operation: AddOperation [recipe=[vribeukc, Content--vribeukc, user3], timestamp=user3:   3]
19-10-2018 21:12:47:452 phase1 [TRACE] : Log updated:

19-10-2018 21:12:47:452 phase1 [TRACE] : Updating the TimestampVectorInserting with the timestamp: user3:   3
19-10-2018 21:12:47:453 phase1 [TRACE] : Summary updated:
user1:   -1000
user2:   -1000
user0:   -1000
user3:   -1000
user4:   -1000

19-10-2018 21:12:47:453 phase1 [TRACE] : Inserting into Log the operation: AddOperation [recipe=[xakmtotn, Content--xakmtotn, user4], timestamp=user4:   7]
19-10-2018 21:12:47:454 phase1 [TRACE] : Log updated:

19-10-2018 21:12:47:454 phase1 [TRACE] : Updating the TimestampVectorInserting with the timestamp: user4:   7
19-10-2018 21:12:47:454 phase1 [TRACE] : Summary updated:
user1:   -1000
user2:   -1000
user0:   -1000
user3:   -1000
user4:   -1000

19-10-2018 21:12:47:455 phase1 [TRACE] : Inserting into Log the operation: AddOperation [recipe=[skotncrs, Content--skotncrs, user2], timestamp=user2:   8]
19-10-2018 21:12:47:455 phase1 [TRACE] : Log updated:

19-10-2018 21:12:47:455 phase1 [TRACE] : Updating the TimestampVectorInserting with the timestamp: user2:   8
19-10-2018 21:12:47:456 phase1 [TRACE] : Summary updated:
user1:   -1000
user2:   -1000
user0:   -1000
user3:   -1000
user4:   -1000

19-10-2018 21:12:47:456 phase1 [TRACE] : Inserting into Log the operation: AddOperation [recipe=[tluqowex, Content--tluqowex, user2], timestamp=user2:   9]
19-10-2018 21:12:47:456 phase1 [TRACE] : Log updated:

19-10-2018 21:12:47:456 phase1 [TRACE] : Updating the TimestampVectorInserting with the timestamp: user2:   9
19-10-2018 21:12:47:457 phase1 [TRACE] : Summary updated:
user1:   -1000
user2:   -1000
user0:   -1000
user3:   -1000
user4:   -1000

19-10-2018 21:12:47:457 phase1 [TRACE] : Inserting into Log the operation: AddOperation [recipe=[lupjjovh, Content--lupjjovh, user3], timestamp=user3:   4]
19-10-2018 21:12:47:458 phase1 [TRACE] : Log updated:

19-10-2018 21:12:47:458 phase1 [TRACE] : Updating the TimestampVectorInserting with the timestamp: user3:   4
19-10-2018 21:12:47:458 phase1 [TRACE] : Summary updated:
user1:   -1000
user2:   -1000
user0:   -1000
user3:   -1000
user4:   -1000

19-10-2018 21:12:47:458 phase1 [TRACE] : Inserting into Log the operation: AddOperation [recipe=[qbmyxmeo, Content--qbmyxmeo, user3], timestamp=user3:   5]
19-10-2018 21:12:47:459 phase1 [TRACE] : Log updated:

19-10-2018 21:12:47:459 phase1 [TRACE] : Updating the TimestampVectorInserting with the timestamp: user3:   5
19-10-2018 21:12:47:459 phase1 [TRACE] : Summary updated:
user1:   -1000
user2:   -1000
user0:   -1000
user3:   -1000
user4:   -1000

19-10-2018 21:12:47:460 phase1 [TRACE] : Inserting into Log the operation: AddOperation [recipe=[ooqduvgv, Content--ooqduvgv, user4], timestamp=user4:   8]
19-10-2018 21:12:47:462 phase1 [TRACE] : Log updated:

19-10-2018 21:12:47:463 phase1 [TRACE] : Updating the TimestampVectorInserting with the timestamp: user4:   8
19-10-2018 21:12:47:463 phase1 [TRACE] : Summary updated:
user1:   -1000
user2:   -1000
user0:   -1000
user3:   -1000
user4:   -1000

19-10-2018 21:12:47:464 phase1 [TRACE] : Inserting into Log the operation: AddOperation [recipe=[hauelsfc, Content--hauelsfc, user1], timestamp=user1:   5]
19-10-2018 21:12:47:464 phase1 [TRACE] : Log updated:

19-10-2018 21:12:47:464 phase1 [TRACE] : Updating the TimestampVectorInserting with the timestamp: user1:   5
19-10-2018 21:12:47:465 phase1 [TRACE] : Summary updated:
user1:   -1000
user2:   -1000
user0:   -1000
user3:   -1000
user4:   -1000

19-10-2018 21:12:47:465 phase1 [TRACE] : Inserting into Log the operation: AddOperation [recipe=[jvuacyfw, Content--jvuacyfw, user3], timestamp=user3:   6]
19-10-2018 21:12:47:465 phase1 [TRACE] : Log updated:

19-10-2018 21:12:47:465 phase1 [TRACE] : Updating the TimestampVectorInserting with the timestamp: user3:   6
19-10-2018 21:12:47:466 phase1 [TRACE] : Summary updated:
user1:   -1000
user2:   -1000
user0:   -1000
user3:   -1000
user4:   -1000

19-10-2018 21:12:47:466 phase1 [TRACE] : Inserting into Log the operation: AddOperation [recipe=[kpetxjqi, Content--kpetxjqi, user1], timestamp=user1:   6]
19-10-2018 21:12:47:466 phase1 [TRACE] : Log updated:

19-10-2018 21:12:47:467 phase1 [TRACE] : Updating the TimestampVectorInserting with the timestamp: user1:   6
19-10-2018 21:12:47:467 phase1 [TRACE] : Summary updated:
user1:   -1000
user2:   -1000
user0:   -1000
user3:   -1000
user4:   -1000

19-10-2018 21:12:47:467 phase1 [TRACE] : Inserting into Log the operation: AddOperation [recipe=[fdfyucma, Content--fdfyucma, user2], timestamp=user2:   10]
19-10-2018 21:12:47:467 phase1 [TRACE] : Log updated:

19-10-2018 21:12:47:468 phase1 [TRACE] : Updating the TimestampVectorInserting with the timestamp: user2:   10
19-10-2018 21:12:47:468 phase1 [TRACE] : Summary updated:
user1:   -1000
user2:   -1000
user0:   -1000
user3:   -1000
user4:   -1000

19-10-2018 21:12:47:468 phase1 [TRACE] : Inserting into Log the operation: AddOperation [recipe=[lvckthrq, Content--lvckthrq, user4], timestamp=user4:   9]
19-10-2018 21:12:47:468 phase1 [TRACE] : Log updated:

19-10-2018 21:12:47:469 phase1 [TRACE] : Updating the TimestampVectorInserting with the timestamp: user4:   9
19-10-2018 21:12:47:469 phase1 [TRACE] : Summary updated:
user1:   -1000
user2:   -1000
user0:   -1000
user3:   -1000
user4:   -1000

19-10-2018 21:12:47:469 phase1 [TRACE] : Inserting into Log the operation: AddOperation [recipe=[booxoevo, Content--booxoevo, user3], timestamp=user3:   7]
19-10-2018 21:12:47:469 phase1 [TRACE] : Log updated:

19-10-2018 21:12:47:470 phase1 [TRACE] : Updating the TimestampVectorInserting with the timestamp: user3:   7
19-10-2018 21:12:47:470 phase1 [TRACE] : Summary updated:
user1:   -1000
user2:   -1000
user0:   -1000
user3:   -1000
user4:   -1000

19-10-2018 21:12:47:471 phase1 [TRACE] : Inserting into Log the operation: AddOperation [recipe=[pytljyec, Content--pytljyec, user4], timestamp=user4:   10]
19-10-2018 21:12:47:471 phase1 [TRACE] : Log updated:

19-10-2018 21:12:47:472 phase1 [TRACE] : Updating the TimestampVectorInserting with the timestamp: user4:   10
19-10-2018 21:12:47:472 phase1 [TRACE] : Summary updated:
user1:   -1000
user2:   -1000
user0:   -1000
user3:   -1000
user4:   -1000

19-10-2018 21:12:47:472 phase1 [TRACE] : Inserting into Log the operation: AddOperation [recipe=[cefxgrfy, Content--cefxgrfy, user3], timestamp=user3:   8]
19-10-2018 21:12:47:473 phase1 [TRACE] : Log updated:

19-10-2018 21:12:47:473 phase1 [TRACE] : Updating the TimestampVectorInserting with the timestamp: user3:   8
19-10-2018 21:12:47:473 phase1 [TRACE] : Summary updated:
user1:   -1000
user2:   -1000
user0:   -1000
user3:   -1000
user4:   -1000

19-10-2018 21:12:47:473 phase1 [TRACE] : Inserting into Log the operation: AddOperation [recipe=[nikvppdg, Content--nikvppdg, user3], timestamp=user3:   9]
19-10-2018 21:12:47:474 phase1 [TRACE] : Log updated:

19-10-2018 21:12:47:474 phase1 [TRACE] : Updating the TimestampVectorInserting with the timestamp: user3:   9
19-10-2018 21:12:47:474 phase1 [TRACE] : Summary updated:
user1:   -1000
user2:   -1000
user0:   -1000
user3:   -1000
user4:   -1000

19-10-2018 21:12:47:474 phase1 [TRACE] : Inserting into Log the operation: AddOperation [recipe=[phmfgbsu, Content--phmfgbsu, user3], timestamp=user3:   10]
19-10-2018 21:12:47:475 phase1 [TRACE] : Log updated:

19-10-2018 21:12:47:475 phase1 [TRACE] : Updating the TimestampVectorInserting with the timestamp: user3:   10
19-10-2018 21:12:47:475 phase1 [TRACE] : Summary updated:
user1:   -1000
user2:   -1000
user0:   -1000
user3:   -1000
user4:   -1000

19-10-2018 21:12:47:476 phase1 [TRACE] : Inserting into Log the operation: AddOperation [recipe=[fewjqkrh, Content--fewjqkrh, user3], timestamp=user3:   11]
19-10-2018 21:12:47:476 phase1 [TRACE] : Log updated:

19-10-2018 21:12:47:476 phase1 [TRACE] : Updating the TimestampVectorInserting with the timestamp: user3:   11
19-10-2018 21:12:47:476 phase1 [TRACE] : Summary updated:
user1:   -1000
user2:   -1000
user0:   -1000
user3:   -1000
user4:   -1000

19-10-2018 21:12:47:477 phase1 [TRACE] : Inserting into Log the operation: AddOperation [recipe=[yjcaeuhb, Content--yjcaeuhb, user1], timestamp=user1:   7]
19-10-2018 21:12:47:477 phase1 [TRACE] : Log updated:

19-10-2018 21:12:47:477 phase1 [TRACE] : Updating the TimestampVectorInserting with the timestamp: user1:   7
19-10-2018 21:12:47:477 phase1 [TRACE] : Summary updated:
user1:   -1000
user2:   -1000
user0:   -1000
user3:   -1000
user4:   -1000

19-10-2018 21:12:47:477 phase1 [TRACE] : Inserting into Log the operation: AddOperation [recipe=[roppuwew, Content--roppuwew, user4], timestamp=user4:   11]
19-10-2018 21:12:47:478 phase1 [TRACE] : Log updated:

19-10-2018 21:12:47:478 phase1 [TRACE] : Updating the TimestampVectorInserting with the timestamp: user4:   11
19-10-2018 21:12:47:478 phase1 [TRACE] : Summary updated:
user1:   -1000
user2:   -1000
user0:   -1000
user3:   -1000
user4:   -1000

19-10-2018 21:12:47:478 phase1 [INFO] : Log:

19-10-2018 21:12:47:479 phase1 [INFO] : Summary:
user1:   -1000
user2:   -1000
user0:   -1000
user3:   -1000
user4:   -1000

